WARNING:root:-----------auto_scaling------------
WARNING:root:valid_instances_id:['i-02d0217f544d223b6']
WARNING:root:0.333333333333335
WARNING:root:2020-03-20 20:59:01.617111 shrink workers: [True, 'Success', []]
WARNING:root:-----------auto_scaling------------
WARNING:root:valid_instances_id:['i-02d0217f544d223b6']
WARNING:root:0.333333333333335
WARNING:root:2020-03-20 20:59:35.561046 shrink workers: [True, 'Success', []]
WARNING:root:-----------auto_scaling------------
WARNING:root:valid_instances_id:['i-02d0217f544d223b6']
WARNING:root:0.163934426229508
WARNING:root:2020-03-20 21:00:07.142686 shrink workers: [True, 'Success', []]
WARNING:root:-----------auto_scaling------------
WARNING:root:valid_instances_id:['i-02d0217f544d223b6']
WARNING:root:0.163934426229508
WARNING:root:2020-03-20 21:00:38.751707 shrink workers: [True, 'Success', []]
WARNING:root:-----------auto_scaling------------
WARNING:root:valid_instances_id:['i-02d0217f544d223b6']
WARNING:root:0.847457627118644
WARNING:root:2020-03-20 21:01:10.386205 shrink workers: [True, 'Success', []]
WARNING:root:-----------auto_scaling------------
WARNING:root:valid_instances_id:['i-02d0217f544d223b6']
WARNING:root:0.847457627118644
WARNING:root:2020-03-20 21:01:41.927920 shrink workers: [True, 'Success', []]
WARNING:root:-----------auto_scaling------------
WARNING:root:valid_instances_id:['i-02d0217f544d223b6']
WARNING:root:31.1666666666667
WARNING:root:2020-03-20 21:02:13.551525 nothing change
WARNING:root:-----------auto_scaling------------
WARNING:root:valid_instances_id:['i-02d0217f544d223b6']
WARNING:root:31.1666666666667
WARNING:root:2020-03-20 21:02:44.993762 nothing change
WARNING:root:-----------auto_scaling------------
WARNING:root:valid_instances_id:['i-02d0217f544d223b6']
WARNING:root:27.6666666666667
WARNING:root:2020-03-20 21:03:16.454493 nothing change
WARNING:root:-----------auto_scaling------------
WARNING:root:valid_instances_id:['i-02d0217f544d223b6']
WARNING:root:27.6666666666667
WARNING:root:2020-03-20 21:03:47.928159 nothing change
WARNING:root:-----------auto_scaling------------
WARNING:root:valid_instances_id:['i-02d0217f544d223b6']
WARNING:root:28.5245901639344
WARNING:root:2020-03-20 21:04:19.435896 nothing change
WARNING:root:-----------auto_scaling------------
WARNING:root:valid_instances_id:['i-02d0217f544d223b6']
WARNING:root:28.5245901639344
WARNING:root:2020-03-20 21:04:50.885847 nothing change
WARNING:root:-----------auto_scaling------------
WARNING:root:valid_instances_id:['i-02d0217f544d223b6']
WARNING:root:24.4067796610169
WARNING:root:2020-03-20 21:05:22.389745 nothing change
WARNING:root:-----------auto_scaling------------
WARNING:root:valid_instances_id:['i-02d0217f544d223b6']
WARNING:root:24.4067796610169
WARNING:root:2020-03-20 21:05:53.875435 nothing change
WARNING:root:-----------auto_scaling------------
WARNING:root:valid_instances_id:['i-02d0217f544d223b6']
WARNING:root:0.169491525423743
WARNING:root:2020-03-20 21:06:25.311995 shrink workers: [True, 'Success', []]
WARNING:root:-----------auto_scaling------------
WARNING:root:valid_instances_id:['i-02d0217f544d223b6']
WARNING:root:0.169491525423743
WARNING:root:2020-03-20 21:06:56.977828 shrink workers: [True, 'Success', []]
WARNING:root:-----------auto_scaling------------
WARNING:root:valid_instances_id:['i-02d0217f544d223b6']
WARNING:root:0.98360655737704
WARNING:root:2020-03-20 21:07:28.597650 shrink workers: [True, 'Success', []]
WARNING:root:-----------auto_scaling------------
WARNING:root:valid_instances_id:['i-02d0217f544d223b6']
WARNING:root:45.1666666666667
WARNING:root:2020-03-20 21:08:00.225121 grow workers: [200]
WARNING:root:-----------auto_scaling------------
WARNING:root:valid_instances_id:['i-0876ed106060edf71', 'i-02d0217f544d223b6']
WARNING:root:29.344262295082
WARNING:root:2020-03-20 21:10:59.490460 nothing change
WARNING:root:-----------auto_scaling------------
WARNING:root:valid_instances_id:['i-0876ed106060edf71', 'i-02d0217f544d223b6']
WARNING:root:29.344262295082
WARNING:root:2020-03-20 21:11:31.090827 nothing change
WARNING:root:-----------auto_scaling------------
WARNING:root:valid_instances_id:['i-0876ed106060edf71', 'i-02d0217f544d223b6']
WARNING:root:29.5
WARNING:root:2020-03-20 21:12:02.810713 nothing change
WARNING:root:-----------auto_scaling------------
WARNING:root:valid_instances_id:['i-0876ed106060edf71', 'i-02d0217f544d223b6']
WARNING:root:29.5
WARNING:root:2020-03-20 21:12:36.153367 nothing change
WARNING:root:-----------auto_scalinWARNING:root:-----------auto_scaling------------
WARNING:root:valid_instances_id:['i-02d0217f544d223b6']
WARNING:root:13.2203389830508
WARNING:root:2020-03WARNING:root:-----------auto_scalinWARNING:root:-----------auto_scaling------------
WARNING:root:valid_instances_id:['i-02d0217f544d223b6']
WARNING:root:3.83333333333335
WARNING:root:2020-03-20 21:14:34.184086 shrink workers: [True, 'Success', []]
WARNING:root:-----------auto_scaling------------
WARNING:root:valid_instances_id:['i-02d0217f544d223b6']
WARNING:root:53.5
WARNING:root:2020-03-20 21:15:35.887704 grow workers: [200, 200]
ing------------
WARNING:root:valid_instances_id:['i-02d0217f544d223b6']
WARNING:root:3.83333333333335
WARNING:root:2020-03-20 21:14:42.429322 shrink workers: [True, 'Success', []]
WARNING:root:-----------auto_scaling------------
WARNING:root:valid_instances_id:['i-02d0217f544d223b6']
WARNING:root:53.5
WARNING:root:2020-03-20 21:15:14.016851 grow workers: [200]
WARNING:root:-----------auto_scaling------------
WARNING:root:valid_instances_id:['i-02d0217f544d223b6', 'i-0e214a957c2e7ebf2', 'i-0f3c7049642eb39c4']
WARNING:root:20.508474576271166
WARNING:root:2020-03-20 21:16:07.944039 nothing change
WARNING:root:-----------auto_scaling------------
ances_id:['i-02d0217f544d223b6', 'i-0e214a957c2e7ebf2', 'i-0f3c7049642eb39c4']
WARNING:root:20.508474576271166
WARNING:root:2020-03-20 21:16:07.488333 nothing change
WARNING:root:-----------auto_scaling------------
WARNING:root:valid_instances_id:['i-02d0217f544d223b6', 'i-0e214a957c2e7ebf2', 'i-0726cc0b6fa8729c5', 'i-0f3c7049642eb39c4']
-03-20 21:16:07.846754 nothing change
:-----------auto_scaling------------
WARNING:root:valid_instances_id:['i-02d0217f544d223b6', 'i-0e214a957c2e7ebf2', 'i-0f3c7049642eb39c4']
WARNING:root:20.508474576271166
WARNING:root:2020-03-20 21:16:07.175602 nothing change
WARNING:root:-----------auto_scaling------------
WARNING:root:valid_instances_id:['i-02d0217f544d223b6', 'i-0e214a957c2e7ebf2', 'i-0726cc0b6fa8729c5', 'i-0f3c7049642eb39c4']
20 21:02:10.896816 shrink workers: [True, 'Success', []]
WARNING:root:-----------auto_scaling------------
WARNING:root:valid_instances_id:['i-02d0217f544d223b6']
WARNING:root:0.333333333333332
WARNING:root:2020-03-20 21:03:12.604644 shrink workers: [True, 'Success', []]
WARNING:root:-----------auto_scaling------------
WARNING:root:valid_instances_id:['i-02d0217f544d223b6']
WARNING:root:0.333333333333332
WARNING:root:2020-03-20 21:04:14.319000 shrink workers: [True, 'Success', []]
WARNING:root:-----------auto_scaling------------
WARNING:root:valid_instances_id:['i-02d0217f544d223b6']
WARNING:root:0.333333333333332
WARNING:root:2020-03-20 21:05:16.024811 shrink workers: [True, 'Success', []]
WARNING:root:-----------auto_scaling------------
WARNING:root:valid_instances_id:['i-02d0217f544d223b6']
WARNING:root:0.333333333333332
WARNING:root:2020-03-20 21:06:17.702818 shrink workers: [True, 'Success', []]
WARNING:root:-----------auto_scaling------------
WARNING:root:valid_instances_id:['i-02d0217f544d223b6']
WARNING:root:0.333333333333335
WARNING:root:2020-03-20 21:07:19.677274 shrink workers: [True, 'Success', []]
WARNING:root:-----------auto_scaling------------
WARNING:root:valid_instances_id:['i-02d0217f544d223b6']
WARNING:root:0.163934426229508
WARNING:root:2020-03-20 21:08:21.374753 shrink workers: [True, 'Success', []]
WARNING:root:-----------auto_scaling------------
WARNING:root:valid_instances_id:['i-02d0217f544d223b6']
WARNING:root:0.847457627118644
WARNING:root:2020-03-20 21:09:23.136559 shrink workers: [True, 'Success', []]
WARNING:root:-----------auto_scaling------------
WARNING:root:valid_instances_id:['i-02d0217f544d223b6']
WARNING:root:31.1666666666667
WARNING:root:2020-03-20 21:10:24.929896 nothing change
WARNING:root:-----------auto_scaling------------
WARNING:root:valid_instances_id:['i-0876ed106060edf71', 'i-02d0217f544d223b6']
WARNING:root:13.83333333333335
WARNING:root:2020-03-20 21:11:26.518386 nothing change
WARNING:root:-----------auto_scaling------------
WARNING:root:valid_instances_id:['i-0876ed106060edf71', 'i-02d0217f544d223b6']
WARNING:root:14.2622950819672
WARNING:root:2020-03-20 21:12:28.194212 nothing change
WARNING:root:-----------auto_scaling------------
WARNING:root:valid_instances_id:['i-02d0217f544d223b6']
WARNING:root:24.4067796610169
WARNING:root:2020-03-20 21:13:29.936301 nothing change
WARNING:root:-----------auto_scaling------------
WARNING:root:valid_instances_id:['i-02d0217f544d223b6']
WARNING:root:0.169491525423743
WARNING:root:2020-03-20 21:14:31.427700 shrink workers: [True, 'Success', []]
WARNING:root:-----------auto_scaling------------
WARNING:root:valid_instances_id:['i-02d0217f544d223b6']
WARNING:root:0.98360655737704
WARNING:root:2020-03-20 21:15:33.130033 shrink workers: [True, 'Success', []]
WARNING:root:-----------auto_scaling------------
WARNING:root:valid_instances_id:['i-02d0217f544d223b6', 'i-0e214a957c2e7ebf2', 'i-0726cc0b6fa8729c5', 'i-0f3c7049642eb39c4']
WARNING:root:11.291666666666675
WARNING:root:2020-03-20 21:16:34.892222 nothing change
: [True, 'Success', []]
WARNING:root:-----------auto_scaling------------
WARNING:root:valid_instances_id:['i-02d0217f544d223b6']
WARNING:root:0.163934426229508
WARNING:root:2020-03-20 21:00:30.207906 shrink workers: [True, 'Success', []]
WARNING:root:-----------auto_scaling------------
WARNING:root:valid_instances_id:['i-02d0217f544d223b6']
WARNING:root:0.163934426229508
WARNING:root:2020-03-20 21:00:41.731903 shrink workers: [True, 'Success', []]
WARNING:root:-----------auto_scaling------------
WARNING:root:valid_instances_id:['i-02d0217f544d223b6']
WARNING:root:0.163934426229508
WARNING:root:2020-03-20 21:00:53.346245 shrink workers: [True, 'Success', []]
WARNING:root:-----------auto_scaling------------
WARNING:root:valid_instances_id:['i-02d0217f544d223b6']
WARNING:root:0.847457627118644
WARNING:root:2020-03-20 21:01:04.919607 shrink workers: [True, 'Success', []]
WARNING:root:-----------auto_scaling------------
WARNING:root:valid_instances_id:['i-02d0217f544d223b6']
WARNING:root:0.847457627118644
WARNING:root:2020-03-20 21:01:16.471807 shrink workers: [True, 'Success', []]
WARNING:root:-----------auto_scaling------------
WARNING:root:valid_instances_id:['i-02d0217f544d223b6']
WARNING:root:0.847457627118644
WARNING:root:2020-03-20 21:01:28.060025 shrink workers: [True, 'Success', []]
WARNING:root:-----------auto_scaling------------
WARNING:root:valid_instances_id:['i-02d0217f544d223b6']
WARNING:root:0.847457627118644
WARNING:root:2020-03-20 21:01:39.634353 shrink workers: [True, 'Success', []]
WARNING:root:-----------auto_scaling------------
WARNING:root:valid_instances_id:['i-02d0217f544d223b6']
WARNING:root:0.847457627118644
WARNING:root:2020-03-20 21:01:51.208421 shrink workers: [True, 'Success', []]
WARNING:root:-----------auto_scaling------------
WARNING:root:valid_instances_id:['i-02d0217f544d223b6']
WARNING:root:31.1666666666667
WARNING:root:2020-03-20 21:02:02.939405 nothing change
WARNING:root:-----------auto_scaling------------
WARNING:root:valid_instances_id:['i-02d0217f544d223b6']
WARNING:root:31.1666666666667
WARNING:root:2020-03-20 21:02:14.476210 nothing change
WARNING:root:-----------auto_scaling------------
WARNING:root:valid_instances_id:['i-02d0217f544d223b6']
WARNING:root:31.1666666666667
WARNING:root:2020-03-20 21:02:25.894063 nothing change
WARNING:root:-----------auto_scaling------------
WARNING:root:valid_instances_id:['i-02d0217f544d223b6']
WARNING:root:31.1666666666667
WARNING:root:2020-03-20 21:02:37.366715 nothing change
WARNING:root:-----------auto_scaling------------
WARNING:root:valid_instances_id:['i-02d0217f544d223b6']
WARNING:root:31.1666666666667
WARNING:root:2020-03-20 21:02:48.803019 nothing change
WARNING:root:-----------auto_scaling------------
WARNING:root:valid_instances_id:['i-02d0217f544d223b6']
WARNING:root:27.6666666666667
WARNING:root:2020-03-20 21:03:00.221910 nothing change
WARNING:root:-----------auto_scaling------------
WARNING:root:valid_instances_id:['i-02d0217f544d223b6']
WARNING:root:27.6666666666667
WARNING:root:2020-03-20 21:03:12.225740 nothing change
WARNING:root:-----------auto_scaling------------
WARNING:root:valid_instances_id:['i-02d0217f544d223b6']
WARNING:root:27.6666666666667
WARNING:root:2020-03-20 21:03:23.674632 nothing change
WARNING:root:-----------auto_scaling------------
WARNING:root:valid_instances_id:['i-02d0217f544d223b6']
WARNING:root:27.6666666666667
WARNING:root:2020-03-20 21:03:35.091725 nothing change
WARNING:root:-----------auto_scaling------------
WARNING:root:valid_instances_id:['i-02d0217f544d223b6']
WARNING:root:27.6666666666667
WARNING:root:2020-03-20 21:03:46.577059 nothing change
WARNING:root:-----------auto_scaling------------
WARNING:root:valid_instances_id:['i-02d0217f544d223b6']
WARNING:root:27.6666666666667
WARNING:root:2020-03-20 21:03:58.026201 nothing change
WARNING:root:-----------auto_scaling------------
WARNING:root:valid_instances_id:['i-02d0217f544d223b6']
WARNING:root:28.5245901639344
WARNING:root:2020-03-20 21:04:09.494414 nothing change
WARNING:root:-----------auto_scaling------------
WARNING:root:valid_instances_id:['i-02d0217f544d223b6']
WARNING:root:28.5245901639344
WARNING:root:2020-03-20 21:04:20.935283 nothing change
WARNING:root:-----------auto_scaling------------
WARNING:root:valid_instances_id:['i-02d0217f544d223b6']
WARNING:root:28.5245901639344
WARNING:root:2020-03-20 21:04:32.317794 nothing change
WARNING:root:-----------auto_scaling------------
WARNING:root:valid_instances_id:['i-02d0217f544d223b6']
WARNING:root:28.5245901639344
WARNING:root:2020-03-20 21:04:43.754321 nothing change
WARNING:root:-----------auto_scaling------------
WARNING:root:valid_instances_id:['i-02d0217f544d223b6']
WARNING:root:28.5245901639344
WARNING:root:2020-03-20 21:04:55.180717 nothing change
WARNING:root:-----------auto_scaling------------
WARNING:root:valid_instances_id:['i-02d0217f544d223b6']
WARNING:root:24.4067796610169
WARNING:root:2020-03-20 21:05:06.601663 nothing change
WARNING:root:-----------auto_scaling------------
WARNING:root:valid_instances_id:['i-02d0217f544d223b6']
WARNING:root:24.4067796610169
WARNING:root:2020-03-20 21:05:18.026285 nothing change
WARNING:root:-----------auto_scaling------------
WARNING:root:valid_instances_id:['i-02d0217f544d223b6']
WARNING:root:24.4067796610169
WARNING:root:2020-03-20 21:05:29.492161 nothing change
WARNING:root:-----------auto_scaling------------
WARNING:root:valid_instances_id:['i-02d0217f544d223b6']
WARNING:root:24.4067796610169
WARNING:root:2020-03-20 21:05:40.855738 nothing change
WARNING:root:-----------auto_scaling------------
WARNING:root:valid_instances_id:['i-02d0217f544d223b6']
WARNING:root:24.4067796610169
WARNING:root:2020-03-20 21:05:52.329743 nothing change
WARNING:root:-----------auto_scaling------------
WARNING:root:valid_instances_id:['i-02d0217f544d223b6']
WARNING:root:0.169491525423743
WARNING:root:2020-03-20 21:06:03.745718 shrink workers: [True, 'Success', []]
WARNING:root:-----------auto_scaling------------
WARNING:root:valid_instances_id:['i-02d0217f544d223b6']
WARNING:root:0.169491525423743
WARNING:root:2020-03-20 21:06:15.651832 shrink workers: [True, 'Success', []]
WARNING:root:-----------auto_scaling------------
WARNING:root:valid_instances_id:['i-02d0217f544d223b6']
WARNING:root:0.169491525423743
WARNING:root:2020-03-20 21:06:27.205921 shrink workers: [True, 'Success', []]
WARNING:root:-----------auto_scaling------------
WARNING:root:valid_instances_id:['i-02d0217f544d223b6']
WARNING:root:0.169491525423743
WARNING:root:2020-03-20 21:06:38.826391 shrink workers: [True, 'Success', []]
WARNING:root:-----------auto_scaling------------
WARNING:root:valid_instances_id:['i-02d0217f544d223b6']
WARNING:root:0.169491525423743
WARNING:root:2020-03-20 21:06:50.426614 shrink workers: [True, 'Success', []]
WARNING:root:-----------auto_scaling------------
WARNING:root:valid_instances_id:['i-02d0217f544d223b6']
WARNING:root:0.98360655737704
WARNING:root:2020-03-20 21:07:01.918251 shrink workers: [True, 'Success', []]
WARNING:root:-----------auto_scaling------------
WARNING:root:valid_instances_id:['i-02d0217f544d223b6']
WARNING:root:0.98360655737704
WARNING:root:2020-03-20 21:07:14.165896 shrink workers: [True, 'Success', []]
WARNING:root:-----------auto_scaling------------
WARNING:root:valid_instances_id:['i-02d0217f544d223b6']
WARNING:root:0.98360655737704
WARNING:root:2020-03-20 21:07:25.688067 shrink workers: [True, 'Success', []]
WARNING:root:-----------auto_scaling------------
WARNING:root:valid_instances_id:['i-02d0217f544d223b6']
WARNING:root:0.98360655737704
WARNING:root:2020-03-20 21:07:37.232044 shrink workers: [True, 'Success', []]
WARNING:root:-----------auto_scaling------------
WARNING:root:valid_instances_id:['i-02d0217f544d223b6']
WARNING:root:0.98360655737704
WARNING:root:2020-03-20 21:07:49.091818 shrink workers: [True, 'Success', []]
WARNING:root:-----------auto_scaling------------
WARNING:root:valid_instances_id:['i-02d0217f544d223b6']
WARNING:root:45.1666666666667
WARNING:root:2020-03-20 21:08:00.718305 grow workers: [200]
WARNING:root:-----------auto_scaling------------
WARNING:root:valid_instances_id:['i-0876ed106060edf71', 'i-02d0217f544d223b6']
WARNING:root:29.91666666666665
WARNING:root:2020-03-20 21:10:39.417292 nothing change
WARNING:root:-----------auto_scaling------------
WARNING:root:valid_instances_id:['i-0876ed106060edf71', 'i-02d0217f544d223b6']
WARNING:root:29.91666666666665
WARNING:root:2020-03-20 21:10:50.970759 nothing change
WARNING:root:-----------auto_scaling------------
WARNING:root:valid_instances_id:['i-0876ed106060edf71', 'i-02d0217f544d223b6']
WARNING:root:29.344262295082
WARNING:root:2020-03-20 21:11:02.558701 nothing change
WARNING:root:-----------auto_scaling------------
WARNING:root:valid_instances_id:['i-0876ed106060edf71', 'i-02d0217f544d223b6']
WARNING:root:29.344262295082
WARNING:root:2020-03-20 21:11:14.872120 nothing change
WARNING:root:-----------auto_scaling------------
WARNING:root:valid_instances_id:['i-0876ed106060edf71', 'i-02d0217f544d223b6']
WARNING:root:29.344262295082
WARNING:root:2020-03-20 21:11:26.444737 nothing change
WARNING:root:-----------auto_scaling------------
WARNING:root:valid_instances_id:['i-0876ed106060edf71', 'i-02d0217f544d223b6']
WARNING:root:29.344262295082
WARNING:root:2020-03-20 21:11:37.991793 nothing change
WARNING:root:-----------auto_scaling------------
WARNING:root:valid_instances_id:['i-0876ed106060edf71', 'i-02d0217f544d223b6']
WARNING:root:29.344262295082
WARNING:root:2020-03-20 21:11:49.518227 nothing change
WARNING:root:-----------auto_scaling------------
WARNING:root:valid_instances_id:['i-0876ed106060edf71', 'i-02d0217f544d223b6']
WARNING:root:29.5
WARNING:root:2020-03-20 21:12:01.110340 nothing change
WARNING:root:-----------auto_scaling------------
WARNING:root:valid_instances_id:['i-0876ed106060edf71', 'i-02d0217f544d223b6']
WARNING:root:29.5
WARNING:root:2020-03-20 21:12:12.959733 nothing change
WARNING:root:-----------auto_scaling------------
WARNING:root:valid_instances_id:['i-0876ed106060edf71', 'i-02d0217f544d223b6']
WARNING:root:29.5
WARNING:root:2020-03-20 21:12:24.775663 nothing change
WARNING:root:-----------auto_scaling------------
WARNING:root:valid_instances_id:['i-0876ed106060edf71', 'i-02d0217f544d223b6']
WARNING:root:29.5
WARNING:root:2020-03-20 21:12:36.392908 nothing change
WARNING:root:-----------auto_scaling------------
WARNING:root:valid_instances_id:['i-0876ed106060edf71', 'i-02d0217f544d223b6']
WARNING:root:29.5
WARNING:root:2020-03-20 21:12:48.024570 nothing change
WARNING:root:-----------auto_scaling------------
WARNING:root:valid_instances_id:['i-0876ed106060edf71', 'i-02d0217f544d223b6']
WARNING:root:6.6101694915254
WARNING:root:2020-03-20 21:12:59.590376 shrink workers: [True, 'Success', [[True, 'Worker was successfully unregistered']]]
WARNING:root:-----------auto_scaling------------
WARNING:root:valid_instances_id:['i-02d0217f544d223b6']
WARNING:root:13.2203389830508
WARNING:root:2020-03-20 21:13:12.492667 nothing change
WARNING:root:-----------auto_scaling------------
WARNING:root:valid_instances_id:['i-02d0217f544d223b6']
WARNING:root:13.2203389830508
WARNING:root:2020-03-20 21:13:23.925332 nothing change
WARNING:root:-----------auto_scaling------------
WARNING:root:valid_instances_id:['i-02d0217f544d223b6']
WARNING:root:13.2203389830508
WARNING:root:2020-03-20 21:13:35.394332 nothing change
WARNING:root:-----------auto_scaling------------
WARNING:root:valid_instances_id:['i-02d0217f544d223b6']
WARNING:root:13.2203389830508
WARNING:root:2020-03-20 21:13:46.806190 nothing change
WARNING:root:-----------auto_scaling------------
WARNING:root:valid_instances_id:['i-02d0217f544d223b6']
WARNING:root:13.2203389830508
WARNING:root:2020-03-20 21:13:58.239380 nothing change
WARNING:root:-----------auto_scaling------------
WARNING:root:valid_instances_id:['i-02d0217f544d223b6']
WARNING:root:3.83333333333335
WARNING:root:2020-03-20 21:14:09.681963 shrink workers: [True, 'Success', []]
WARNING:root:-----------auto_scaling------------
WARNING:root:valid_instances_id:['i-02d0217f544d223b6']
WARNING:root:3.83333333333335
WARNING:root:2020-03-20 21:14:21.219709 shrink workers: [True, 'Success', []]
WARNING:root:-----------auto_scaling------------
WARNING:root:valid_instances_id:['i-02d0217f544d223b6']
WARNING:root:3.83333333333335
WARNING:root:2020-03-20 21:14:32.794571 shrink workers: [True, 'Success', []]
WARNING:root:-----------auto_scaling------------
WARNING:root:valid_instances_id:['i-02d0217f544d223b6']
WARNING:root:3.83333333333335
WARNING:root:2020-03-20 21:14:44.309984 shrink workers: [True, 'Success', []]
WARNING:root:-----------auto_scaling------------
WARNING:root:valid_instances_id:['i-02d0217f544d223b6']
WARNING:root:3.83333333333335
WARNING:root:2020-03-20 21:14:55.913367 shrink workers: [True, 'Success', []]
WARNING:root:-----------auto_scaling------------
WARNING:root:valid_instances_id:['i-02d0217f544d223b6']
WARNING:root:53.5
WARNING:root:2020-03-20 21:15:07.487033 grow workers: [200]
WARNING:root:-----------auto_scaling------------
WARNING:root:valid_instances_id:['i-02d0217f544d223b6', 'i-0e214a957c2e7ebf2']
WARNING:root:26.75
WARNING:root:2020-03-20 21:15:47.074759 nothing change
WARNING:root:-----------auto_scaling------------
WARNING:root:valid_instances_id:['i-02d0217f544d223b6', 'i-0e214a957c2e7ebf2']
WARNING:root:26.75
WARNING:root:2020-03-20 21:15:58.678361 nothing change
WARNING:root:-----------auto_scaling------------
WARNING:root:valid_instances_id:['i-02d0217f544d223b6', 'i-0e214a957c2e7ebf2', 'i-0f3c7049642eb39c4']
WARNING:root:20.508474576271166
WARNING:root:2020-03-20 21:16:10.235630 nothing change
WARNING:root:-----------auto_scaling------------
WARNING:root:valid_instances_id:['i-02d0217f544d223b6', 'i-0e214a957c2e7ebf2', 'i-0f3c7049642eb39c4']
WARNING:root:20.508474576271166
WARNING:root:2020-03-20 21:16:21.939387 nothing change
WARNING:root:-----------auto_scaling------------
WARNING:root:valid_instances_id:['i-02d0217f544d223b6', 'i-0e214a957c2e7ebf2', 'i-0726cc0b6fa8729c5', 'i-0f3c7049642eb39c4']
WARNING:root:15.381355932203375
WARNING:root:2020-03-20 21:16:33.663195 nothing change
